mode: set
github.com/dantheman0207/deliveroo-take-home/main.go:35.13,36.15 1 1
github.com/dantheman0207/deliveroo-take-home/main.go:36.15,37.31 1 1
github.com/dantheman0207/deliveroo-take-home/main.go:37.31,41.4 3 0
github.com/dantheman0207/deliveroo-take-home/main.go:44.2,44.22 1 1
github.com/dantheman0207/deliveroo-take-home/main.go:44.22,46.18 2 1
github.com/dantheman0207/deliveroo-take-home/main.go:46.18,48.4 1 0
github.com/dantheman0207/deliveroo-take-home/main.go:49.3,49.9 1 1
github.com/dantheman0207/deliveroo-take-home/main.go:53.2,62.16 3 1
github.com/dantheman0207/deliveroo-take-home/main.go:62.16,64.18 2 1
github.com/dantheman0207/deliveroo-take-home/main.go:64.18,66.4 1 0
github.com/dantheman0207/deliveroo-take-home/main.go:67.3,67.9 1 1
github.com/dantheman0207/deliveroo-take-home/main.go:69.2,69.30 1 1
github.com/dantheman0207/deliveroo-take-home/main.go:72.60,74.16 2 1
github.com/dantheman0207/deliveroo-take-home/main.go:74.16,76.3 1 1
github.com/dantheman0207/deliveroo-take-home/main.go:77.2,78.16 2 1
github.com/dantheman0207/deliveroo-take-home/main.go:78.16,80.3 1 1
github.com/dantheman0207/deliveroo-take-home/main.go:81.2,82.16 2 1
github.com/dantheman0207/deliveroo-take-home/main.go:82.16,84.3 1 1
github.com/dantheman0207/deliveroo-take-home/main.go:85.2,86.16 2 1
github.com/dantheman0207/deliveroo-take-home/main.go:86.16,88.3 1 1
github.com/dantheman0207/deliveroo-take-home/main.go:89.2,90.16 2 1
github.com/dantheman0207/deliveroo-take-home/main.go:90.16,92.3 1 1
github.com/dantheman0207/deliveroo-take-home/main.go:93.2,93.12 1 1
github.com/dantheman0207/deliveroo-take-home/main.go:96.40,104.2 6 1
github.com/dantheman0207/deliveroo-take-home/main.go:110.58,111.9 1 1
github.com/dantheman0207/deliveroo-take-home/main.go:112.20,113.38 1 1
github.com/dantheman0207/deliveroo-take-home/main.go:114.36,115.40 1 1
github.com/dantheman0207/deliveroo-take-home/main.go:116.36,117.40 1 1
github.com/dantheman0207/deliveroo-take-home/main.go:118.36,119.39 1 1
github.com/dantheman0207/deliveroo-take-home/main.go:120.10,122.17 2 1
github.com/dantheman0207/deliveroo-take-home/main.go:122.17,124.4 1 1
github.com/dantheman0207/deliveroo-take-home/main.go:125.3,125.35 1 1
github.com/dantheman0207/deliveroo-take-home/main.go:125.35,127.4 1 1
github.com/dantheman0207/deliveroo-take-home/main.go:128.3,129.13 2 1
github.com/dantheman0207/deliveroo-take-home/main.go:133.54,135.36 2 1
github.com/dantheman0207/deliveroo-take-home/main.go:135.36,137.3 1 1
github.com/dantheman0207/deliveroo-take-home/main.go:138.2,139.12 2 1
github.com/dantheman0207/deliveroo-take-home/main.go:142.63,144.46 2 1
github.com/dantheman0207/deliveroo-take-home/main.go:144.46,146.17 2 1
github.com/dantheman0207/deliveroo-take-home/main.go:146.17,148.4 1 1
github.com/dantheman0207/deliveroo-take-home/main.go:149.3,149.35 1 1
github.com/dantheman0207/deliveroo-take-home/main.go:149.35,151.4 1 1
github.com/dantheman0207/deliveroo-take-home/main.go:152.3,152.31 1 1
github.com/dantheman0207/deliveroo-take-home/main.go:154.2,155.12 2 1
github.com/dantheman0207/deliveroo-take-home/main.go:158.63,160.21 2 1
github.com/dantheman0207/deliveroo-take-home/main.go:160.21,162.3 1 1
github.com/dantheman0207/deliveroo-take-home/main.go:163.2,164.16 2 1
github.com/dantheman0207/deliveroo-take-home/main.go:164.16,166.3 1 1
github.com/dantheman0207/deliveroo-take-home/main.go:167.2,168.16 2 1
github.com/dantheman0207/deliveroo-take-home/main.go:168.16,170.3 1 1
github.com/dantheman0207/deliveroo-take-home/main.go:171.2,171.85 1 1
github.com/dantheman0207/deliveroo-take-home/main.go:171.85,173.3 1 1
github.com/dantheman0207/deliveroo-take-home/main.go:174.2,175.32 2 1
github.com/dantheman0207/deliveroo-take-home/main.go:175.32,177.3 1 1
github.com/dantheman0207/deliveroo-take-home/main.go:178.2,179.12 2 1
github.com/dantheman0207/deliveroo-take-home/main.go:182.62,184.21 2 1
github.com/dantheman0207/deliveroo-take-home/main.go:184.21,186.3 1 1
github.com/dantheman0207/deliveroo-take-home/main.go:187.2,188.16 2 1
github.com/dantheman0207/deliveroo-take-home/main.go:188.16,190.3 1 1
github.com/dantheman0207/deliveroo-take-home/main.go:191.2,191.15 1 1
github.com/dantheman0207/deliveroo-take-home/main.go:191.15,193.3 1 1
github.com/dantheman0207/deliveroo-take-home/main.go:194.2,194.26 1 1
github.com/dantheman0207/deliveroo-take-home/main.go:194.26,196.3 1 1
github.com/dantheman0207/deliveroo-take-home/main.go:197.2,198.42 2 1
github.com/dantheman0207/deliveroo-take-home/main.go:198.42,200.3 1 1
github.com/dantheman0207/deliveroo-take-home/main.go:201.2,202.12 2 1
